2022-05-26T09:49:41+00:00 CRITICAL Uncaught Error: Call to a member function get_date_created() on null in /var/www/html/TestWork443/wp-content/themes/storefront/functions.php:80
Stack trace:
#0 /var/www/html/TestWork443/wp-includes/class-wp-hook.php(307): display_new_loop_woocommerce()
#1 /var/www/html/TestWork443/wp-includes/class-wp-hook.php(331): WP_Hook->apply_filters()
#2 /var/www/html/TestWork443/wp-includes/plugin.php(474): WP_Hook->do_action()
#3 /var/www/html/TestWork443/wp-content/plugins/woocommerce/includes/admin/meta-boxes/views/html-product-data-general.php(188): do_action()
#4 /var/www/html/TestWork443/wp-content/plugins/woocommerce/includes/admin/meta-boxes/class-wc-meta-box-product-data.php(42): include('/var/www/html/T...')
#5 /var/www/html/TestWork443/wp-content/plugins/woocommerce/includes/admin/meta-boxes/views/html-product-data-panel.php(51): WC_Meta_Box_Product_Data::output_tabs()
#6 /var/www/html/TestWork443/wp-content/plugins/woocommerce/includes/admin/meta-boxes/class-wc-meta-box-product-data.php(33): include('/var/w in /var/www/html/TestWork443/wp-content/themes/storefront/functions.php on line 80

2022-05-26T09:49:43+00:00 CRITICAL Uncaught Error: Call to a member function get_date_created() on null in /var/www/html/TestWork443/wp-content/themes/storefront/functions.php:80
Stack trace:
#0 /var/www/html/TestWork443/wp-includes/class-wp-hook.php(307): display_new_loop_woocommerce()
#1 /var/www/html/TestWork443/wp-includes/class-wp-hook.php(331): WP_Hook->apply_filters()
#2 /var/www/html/TestWork443/wp-includes/plugin.php(474): WP_Hook->do_action()
#3 /var/www/html/TestWork443/wp-content/plugins/woocommerce/includes/admin/meta-boxes/views/html-product-data-general.php(188): do_action()
#4 /var/www/html/TestWork443/wp-content/plugins/woocommerce/includes/admin/meta-boxes/class-wc-meta-box-product-data.php(42): include('/var/www/html/T...')
#5 /var/www/html/TestWork443/wp-content/plugins/woocommerce/includes/admin/meta-boxes/views/html-product-data-panel.php(51): WC_Meta_Box_Product_Data::output_tabs()
#6 /var/www/html/TestWork443/wp-content/plugins/woocommerce/includes/admin/meta-boxes/class-wc-meta-box-product-data.php(33): include('/var/w in /var/www/html/TestWork443/wp-content/themes/storefront/functions.php on line 80

2022-05-26T09:50:52+00:00 CRITICAL Uncaught Error: Call to a member function get_date_created() on null in /var/www/html/TestWork443/wp-content/themes/storefront/functions.php:80
Stack trace:
#0 /var/www/html/TestWork443/wp-includes/class-wp-hook.php(307): displayDate()
#1 /var/www/html/TestWork443/wp-includes/class-wp-hook.php(331): WP_Hook->apply_filters()
#2 /var/www/html/TestWork443/wp-includes/plugin.php(474): WP_Hook->do_action()
#3 /var/www/html/TestWork443/wp-content/plugins/woocommerce/includes/admin/meta-boxes/views/html-product-data-general.php(188): do_action()
#4 /var/www/html/TestWork443/wp-content/plugins/woocommerce/includes/admin/meta-boxes/class-wc-meta-box-product-data.php(42): include('/var/www/html/T...')
#5 /var/www/html/TestWork443/wp-content/plugins/woocommerce/includes/admin/meta-boxes/views/html-product-data-panel.php(51): WC_Meta_Box_Product_Data::output_tabs()
#6 /var/www/html/TestWork443/wp-content/plugins/woocommerce/includes/admin/meta-boxes/class-wc-meta-box-product-data.php(33): include('/var/www/html/T...')
#7 in /var/www/html/TestWork443/wp-content/themes/storefront/functions.php on line 80

2022-05-26T09:51:17+00:00 CRITICAL Uncaught Error: Call to a member function get_date_created() on null in /var/www/html/TestWork443/wp-content/themes/storefront/functions.php:80
Stack trace:
#0 /var/www/html/TestWork443/wp-includes/class-wp-hook.php(307): displayDate()
#1 /var/www/html/TestWork443/wp-includes/class-wp-hook.php(331): WP_Hook->apply_filters()
#2 /var/www/html/TestWork443/wp-includes/plugin.php(474): WP_Hook->do_action()
#3 /var/www/html/TestWork443/wp-content/plugins/woocommerce/includes/admin/meta-boxes/views/html-product-data-general.php(188): do_action()
#4 /var/www/html/TestWork443/wp-content/plugins/woocommerce/includes/admin/meta-boxes/class-wc-meta-box-product-data.php(42): include('/var/www/html/T...')
#5 /var/www/html/TestWork443/wp-content/plugins/woocommerce/includes/admin/meta-boxes/views/html-product-data-panel.php(51): WC_Meta_Box_Product_Data::output_tabs()
#6 /var/www/html/TestWork443/wp-content/plugins/woocommerce/includes/admin/meta-boxes/class-wc-meta-box-product-data.php(33): include('/var/www/html/T...')
#7 in /var/www/html/TestWork443/wp-content/themes/storefront/functions.php on line 80

2022-05-26T09:51:19+00:00 CRITICAL Uncaught Error: Call to a member function get_date_created() on null in /var/www/html/TestWork443/wp-content/themes/storefront/functions.php:80
Stack trace:
#0 /var/www/html/TestWork443/wp-includes/class-wp-hook.php(307): displayDate()
#1 /var/www/html/TestWork443/wp-includes/class-wp-hook.php(331): WP_Hook->apply_filters()
#2 /var/www/html/TestWork443/wp-includes/plugin.php(474): WP_Hook->do_action()
#3 /var/www/html/TestWork443/wp-content/plugins/woocommerce/includes/admin/meta-boxes/views/html-product-data-general.php(188): do_action()
#4 /var/www/html/TestWork443/wp-content/plugins/woocommerce/includes/admin/meta-boxes/class-wc-meta-box-product-data.php(42): include('/var/www/html/T...')
#5 /var/www/html/TestWork443/wp-content/plugins/woocommerce/includes/admin/meta-boxes/views/html-product-data-panel.php(51): WC_Meta_Box_Product_Data::output_tabs()
#6 /var/www/html/TestWork443/wp-content/plugins/woocommerce/includes/admin/meta-boxes/class-wc-meta-box-product-data.php(33): include('/var/www/html/T...')
#7 in /var/www/html/TestWork443/wp-content/themes/storefront/functions.php on line 80

2022-05-26T09:52:49+00:00 CRITICAL Uncaught Error: Call to a member function get_date_created() on null in /var/www/html/TestWork443/wp-content/themes/storefront/functions.php:80
Stack trace:
#0 /var/www/html/TestWork443/wp-includes/class-wp-hook.php(307): displayDate()
#1 /var/www/html/TestWork443/wp-includes/class-wp-hook.php(331): WP_Hook->apply_filters()
#2 /var/www/html/TestWork443/wp-includes/plugin.php(474): WP_Hook->do_action()
#3 /var/www/html/TestWork443/wp-content/plugins/woocommerce/includes/admin/meta-boxes/views/html-product-data-general.php(188): do_action()
#4 /var/www/html/TestWork443/wp-content/plugins/woocommerce/includes/admin/meta-boxes/class-wc-meta-box-product-data.php(42): include('/var/www/html/T...')
#5 /var/www/html/TestWork443/wp-content/plugins/woocommerce/includes/admin/meta-boxes/views/html-product-data-panel.php(51): WC_Meta_Box_Product_Data::output_tabs()
#6 /var/www/html/TestWork443/wp-content/plugins/woocommerce/includes/admin/meta-boxes/class-wc-meta-box-product-data.php(33): include('/var/www/html/T...')
#7 in /var/www/html/TestWork443/wp-content/themes/storefront/functions.php on line 80

2022-05-26T09:52:50+00:00 CRITICAL Uncaught Error: Call to a member function get_date_created() on null in /var/www/html/TestWork443/wp-content/themes/storefront/functions.php:80
Stack trace:
#0 /var/www/html/TestWork443/wp-includes/class-wp-hook.php(307): displayDate()
#1 /var/www/html/TestWork443/wp-includes/class-wp-hook.php(331): WP_Hook->apply_filters()
#2 /var/www/html/TestWork443/wp-includes/plugin.php(474): WP_Hook->do_action()
#3 /var/www/html/TestWork443/wp-content/plugins/woocommerce/includes/admin/meta-boxes/views/html-product-data-general.php(188): do_action()
#4 /var/www/html/TestWork443/wp-content/plugins/woocommerce/includes/admin/meta-boxes/class-wc-meta-box-product-data.php(42): include('/var/www/html/T...')
#5 /var/www/html/TestWork443/wp-content/plugins/woocommerce/includes/admin/meta-boxes/views/html-product-data-panel.php(51): WC_Meta_Box_Product_Data::output_tabs()
#6 /var/www/html/TestWork443/wp-content/plugins/woocommerce/includes/admin/meta-boxes/class-wc-meta-box-product-data.php(33): include('/var/www/html/T...')
#7 in /var/www/html/TestWork443/wp-content/themes/storefront/functions.php on line 80

2022-05-26T09:52:51+00:00 CRITICAL Uncaught Error: Call to a member function get_date_created() on null in /var/www/html/TestWork443/wp-content/themes/storefront/functions.php:80
Stack trace:
#0 /var/www/html/TestWork443/wp-includes/class-wp-hook.php(307): displayDate()
#1 /var/www/html/TestWork443/wp-includes/class-wp-hook.php(331): WP_Hook->apply_filters()
#2 /var/www/html/TestWork443/wp-includes/plugin.php(474): WP_Hook->do_action()
#3 /var/www/html/TestWork443/wp-content/plugins/woocommerce/includes/admin/meta-boxes/views/html-product-data-general.php(188): do_action()
#4 /var/www/html/TestWork443/wp-content/plugins/woocommerce/includes/admin/meta-boxes/class-wc-meta-box-product-data.php(42): include('/var/www/html/T...')
#5 /var/www/html/TestWork443/wp-content/plugins/woocommerce/includes/admin/meta-boxes/views/html-product-data-panel.php(51): WC_Meta_Box_Product_Data::output_tabs()
#6 /var/www/html/TestWork443/wp-content/plugins/woocommerce/includes/admin/meta-boxes/class-wc-meta-box-product-data.php(33): include('/var/www/html/T...')
#7 in /var/www/html/TestWork443/wp-content/themes/storefront/functions.php on line 80

2022-05-26T09:53:12+00:00 CRITICAL Uncaught Error: Call to a member function get_date_created() on null in /var/www/html/TestWork443/wp-content/plugins/woocommerce/woocommerce.php:81
Stack trace:
#0 /var/www/html/TestWork443/wp-includes/class-wp-hook.php(307): displayDate()
#1 /var/www/html/TestWork443/wp-includes/class-wp-hook.php(331): WP_Hook->apply_filters()
#2 /var/www/html/TestWork443/wp-includes/plugin.php(474): WP_Hook->do_action()
#3 /var/www/html/TestWork443/wp-content/plugins/woocommerce/includes/admin/meta-boxes/views/html-product-data-general.php(188): do_action()
#4 /var/www/html/TestWork443/wp-content/plugins/woocommerce/includes/admin/meta-boxes/class-wc-meta-box-product-data.php(42): include('/var/www/html/T...')
#5 /var/www/html/TestWork443/wp-content/plugins/woocommerce/includes/admin/meta-boxes/views/html-product-data-panel.php(51): WC_Meta_Box_Product_Data::output_tabs()
#6 /var/www/html/TestWork443/wp-content/plugins/woocommerce/includes/admin/meta-boxes/class-wc-meta-box-product-data.php(33): include('/var/www/html/T...' in /var/www/html/TestWork443/wp-content/plugins/woocommerce/woocommerce.php on line 81

2022-05-26T09:53:13+00:00 CRITICAL Uncaught Error: Call to a member function get_date_created() on null in /var/www/html/TestWork443/wp-content/plugins/woocommerce/woocommerce.php:81
Stack trace:
#0 /var/www/html/TestWork443/wp-includes/class-wp-hook.php(307): displayDate()
#1 /var/www/html/TestWork443/wp-includes/class-wp-hook.php(331): WP_Hook->apply_filters()
#2 /var/www/html/TestWork443/wp-includes/plugin.php(474): WP_Hook->do_action()
#3 /var/www/html/TestWork443/wp-content/plugins/woocommerce/includes/admin/meta-boxes/views/html-product-data-general.php(188): do_action()
#4 /var/www/html/TestWork443/wp-content/plugins/woocommerce/includes/admin/meta-boxes/class-wc-meta-box-product-data.php(42): include('/var/www/html/T...')
#5 /var/www/html/TestWork443/wp-content/plugins/woocommerce/includes/admin/meta-boxes/views/html-product-data-panel.php(51): WC_Meta_Box_Product_Data::output_tabs()
#6 /var/www/html/TestWork443/wp-content/plugins/woocommerce/includes/admin/meta-boxes/class-wc-meta-box-product-data.php(33): include('/var/www/html/T...' in /var/www/html/TestWork443/wp-content/plugins/woocommerce/woocommerce.php on line 81

2022-05-26T09:53:14+00:00 CRITICAL Uncaught Error: Call to a member function get_date_created() on null in /var/www/html/TestWork443/wp-content/plugins/woocommerce/woocommerce.php:81
Stack trace:
#0 /var/www/html/TestWork443/wp-includes/class-wp-hook.php(307): displayDate()
#1 /var/www/html/TestWork443/wp-includes/class-wp-hook.php(331): WP_Hook->apply_filters()
#2 /var/www/html/TestWork443/wp-includes/plugin.php(474): WP_Hook->do_action()
#3 /var/www/html/TestWork443/wp-content/plugins/woocommerce/includes/admin/meta-boxes/views/html-product-data-general.php(188): do_action()
#4 /var/www/html/TestWork443/wp-content/plugins/woocommerce/includes/admin/meta-boxes/class-wc-meta-box-product-data.php(42): include('/var/www/html/T...')
#5 /var/www/html/TestWork443/wp-content/plugins/woocommerce/includes/admin/meta-boxes/views/html-product-data-panel.php(51): WC_Meta_Box_Product_Data::output_tabs()
#6 /var/www/html/TestWork443/wp-content/plugins/woocommerce/includes/admin/meta-boxes/class-wc-meta-box-product-data.php(33): include('/var/www/html/T...' in /var/www/html/TestWork443/wp-content/plugins/woocommerce/woocommerce.php on line 81

2022-05-26T10:04:41+00:00 CRITICAL Uncaught Error: Call to a member function get_date_created() on null in /var/www/html/TestWork443/wp-content/plugins/woocommerce/woocommerce.php:78
Stack trace:
#0 /var/www/html/TestWork443/wp-includes/class-wp-hook.php(307): CF_create_custom_field()
#1 /var/www/html/TestWork443/wp-includes/class-wp-hook.php(331): WP_Hook->apply_filters()
#2 /var/www/html/TestWork443/wp-includes/plugin.php(474): WP_Hook->do_action()
#3 /var/www/html/TestWork443/wp-content/plugins/woocommerce/includes/admin/meta-boxes/views/html-product-data-general.php(188): do_action()
#4 /var/www/html/TestWork443/wp-content/plugins/woocommerce/includes/admin/meta-boxes/class-wc-meta-box-product-data.php(42): include('/var/www/html/T...')
#5 /var/www/html/TestWork443/wp-content/plugins/woocommerce/includes/admin/meta-boxes/views/html-product-data-panel.php(51): WC_Meta_Box_Product_Data::output_tabs()
#6 /var/www/html/TestWork443/wp-content/plugins/woocommerce/includes/admin/meta-boxes/class-wc-meta-box-product-data.php(33): include('/var/www in /var/www/html/TestWork443/wp-content/plugins/woocommerce/woocommerce.php on line 78

2022-05-26T10:04:44+00:00 CRITICAL Uncaught Error: Call to a member function get_date_created() on null in /var/www/html/TestWork443/wp-content/plugins/woocommerce/woocommerce.php:78
Stack trace:
#0 /var/www/html/TestWork443/wp-includes/class-wp-hook.php(307): CF_create_custom_field()
#1 /var/www/html/TestWork443/wp-includes/class-wp-hook.php(331): WP_Hook->apply_filters()
#2 /var/www/html/TestWork443/wp-includes/plugin.php(474): WP_Hook->do_action()
#3 /var/www/html/TestWork443/wp-content/plugins/woocommerce/includes/admin/meta-boxes/views/html-product-data-general.php(188): do_action()
#4 /var/www/html/TestWork443/wp-content/plugins/woocommerce/includes/admin/meta-boxes/class-wc-meta-box-product-data.php(42): include('/var/www/html/T...')
#5 /var/www/html/TestWork443/wp-content/plugins/woocommerce/includes/admin/meta-boxes/views/html-product-data-panel.php(51): WC_Meta_Box_Product_Data::output_tabs()
#6 /var/www/html/TestWork443/wp-content/plugins/woocommerce/includes/admin/meta-boxes/class-wc-meta-box-product-data.php(33): include('/var/www in /var/www/html/TestWork443/wp-content/plugins/woocommerce/woocommerce.php on line 78

2022-05-26T10:05:08+00:00 CRITICAL Uncaught Error: Call to a member function get_date_created() on null in /var/www/html/TestWork443/wp-content/plugins/woocommerce/woocommerce.php:78
Stack trace:
#0 /var/www/html/TestWork443/wp-includes/class-wp-hook.php(307): CF_create_custom_field()
#1 /var/www/html/TestWork443/wp-includes/class-wp-hook.php(331): WP_Hook->apply_filters()
#2 /var/www/html/TestWork443/wp-includes/plugin.php(474): WP_Hook->do_action()
#3 /var/www/html/TestWork443/wp-content/plugins/woocommerce/includes/admin/meta-boxes/views/html-product-data-general.php(188): do_action()
#4 /var/www/html/TestWork443/wp-content/plugins/woocommerce/includes/admin/meta-boxes/class-wc-meta-box-product-data.php(42): include('/var/www/html/T...')
#5 /var/www/html/TestWork443/wp-content/plugins/woocommerce/includes/admin/meta-boxes/views/html-product-data-panel.php(51): WC_Meta_Box_Product_Data::output_tabs()
#6 /var/www/html/TestWork443/wp-content/plugins/woocommerce/includes/admin/meta-boxes/class-wc-meta-box-product-data.php(33): include('/var/www in /var/www/html/TestWork443/wp-content/plugins/woocommerce/woocommerce.php on line 78

2022-05-26T10:05:09+00:00 CRITICAL Uncaught Error: Call to a member function get_date_created() on null in /var/www/html/TestWork443/wp-content/plugins/woocommerce/woocommerce.php:78
Stack trace:
#0 /var/www/html/TestWork443/wp-includes/class-wp-hook.php(307): CF_create_custom_field()
#1 /var/www/html/TestWork443/wp-includes/class-wp-hook.php(331): WP_Hook->apply_filters()
#2 /var/www/html/TestWork443/wp-includes/plugin.php(474): WP_Hook->do_action()
#3 /var/www/html/TestWork443/wp-content/plugins/woocommerce/includes/admin/meta-boxes/views/html-product-data-general.php(188): do_action()
#4 /var/www/html/TestWork443/wp-content/plugins/woocommerce/includes/admin/meta-boxes/class-wc-meta-box-product-data.php(42): include('/var/www/html/T...')
#5 /var/www/html/TestWork443/wp-content/plugins/woocommerce/includes/admin/meta-boxes/views/html-product-data-panel.php(51): WC_Meta_Box_Product_Data::output_tabs()
#6 /var/www/html/TestWork443/wp-content/plugins/woocommerce/includes/admin/meta-boxes/class-wc-meta-box-product-data.php(33): include('/var/www in /var/www/html/TestWork443/wp-content/plugins/woocommerce/woocommerce.php on line 78

2022-05-26T10:06:20+00:00 CRITICAL Uncaught Error: Call to a member function get_date_created() on null in /var/www/html/TestWork443/wp-content/plugins/woocommerce/woocommerce.php:78
Stack trace:
#0 /var/www/html/TestWork443/wp-includes/class-wp-hook.php(307): CF_create_custom_field()
#1 /var/www/html/TestWork443/wp-includes/class-wp-hook.php(331): WP_Hook->apply_filters()
#2 /var/www/html/TestWork443/wp-includes/plugin.php(474): WP_Hook->do_action()
#3 /var/www/html/TestWork443/wp-content/plugins/woocommerce/includes/admin/meta-boxes/views/html-product-data-general.php(188): do_action()
#4 /var/www/html/TestWork443/wp-content/plugins/woocommerce/includes/admin/meta-boxes/class-wc-meta-box-product-data.php(42): include('/var/www/html/T...')
#5 /var/www/html/TestWork443/wp-content/plugins/woocommerce/includes/admin/meta-boxes/views/html-product-data-panel.php(51): WC_Meta_Box_Product_Data::output_tabs()
#6 /var/www/html/TestWork443/wp-content/plugins/woocommerce/includes/admin/meta-boxes/class-wc-meta-box-product-data.php(33): include('/var/www in /var/www/html/TestWork443/wp-content/plugins/woocommerce/woocommerce.php on line 78

2022-05-26T10:06:22+00:00 CRITICAL Uncaught Error: Call to a member function get_date_created() on null in /var/www/html/TestWork443/wp-content/plugins/woocommerce/woocommerce.php:78
Stack trace:
#0 /var/www/html/TestWork443/wp-includes/class-wp-hook.php(307): CF_create_custom_field()
#1 /var/www/html/TestWork443/wp-includes/class-wp-hook.php(331): WP_Hook->apply_filters()
#2 /var/www/html/TestWork443/wp-includes/plugin.php(474): WP_Hook->do_action()
#3 /var/www/html/TestWork443/wp-content/plugins/woocommerce/includes/admin/meta-boxes/views/html-product-data-general.php(188): do_action()
#4 /var/www/html/TestWork443/wp-content/plugins/woocommerce/includes/admin/meta-boxes/class-wc-meta-box-product-data.php(42): include('/var/www/html/T...')
#5 /var/www/html/TestWork443/wp-content/plugins/woocommerce/includes/admin/meta-boxes/views/html-product-data-panel.php(51): WC_Meta_Box_Product_Data::output_tabs()
#6 /var/www/html/TestWork443/wp-content/plugins/woocommerce/includes/admin/meta-boxes/class-wc-meta-box-product-data.php(33): include('/var/www in /var/www/html/TestWork443/wp-content/plugins/woocommerce/woocommerce.php on line 78

2022-05-26T10:06:22+00:00 CRITICAL Uncaught Error: Call to a member function get_date_created() on null in /var/www/html/TestWork443/wp-content/plugins/woocommerce/woocommerce.php:78
Stack trace:
#0 /var/www/html/TestWork443/wp-includes/class-wp-hook.php(307): CF_create_custom_field()
#1 /var/www/html/TestWork443/wp-includes/class-wp-hook.php(331): WP_Hook->apply_filters()
#2 /var/www/html/TestWork443/wp-includes/plugin.php(474): WP_Hook->do_action()
#3 /var/www/html/TestWork443/wp-content/plugins/woocommerce/includes/admin/meta-boxes/views/html-product-data-general.php(188): do_action()
#4 /var/www/html/TestWork443/wp-content/plugins/woocommerce/includes/admin/meta-boxes/class-wc-meta-box-product-data.php(42): include('/var/www/html/T...')
#5 /var/www/html/TestWork443/wp-content/plugins/woocommerce/includes/admin/meta-boxes/views/html-product-data-panel.php(51): WC_Meta_Box_Product_Data::output_tabs()
#6 /var/www/html/TestWork443/wp-content/plugins/woocommerce/includes/admin/meta-boxes/class-wc-meta-box-product-data.php(33): include('/var/www in /var/www/html/TestWork443/wp-content/plugins/woocommerce/woocommerce.php on line 78

2022-05-26T10:06:37+00:00 CRITICAL Uncaught Error: Call to a member function get_date_created() on bool in /var/www/html/TestWork443/wp-content/plugins/woocommerce/woocommerce.php:79
Stack trace:
#0 /var/www/html/TestWork443/wp-includes/class-wp-hook.php(307): CF_create_custom_field()
#1 /var/www/html/TestWork443/wp-includes/class-wp-hook.php(331): WP_Hook->apply_filters()
#2 /var/www/html/TestWork443/wp-includes/plugin.php(474): WP_Hook->do_action()
#3 /var/www/html/TestWork443/wp-content/plugins/woocommerce/includes/admin/meta-boxes/views/html-product-data-general.php(188): do_action()
#4 /var/www/html/TestWork443/wp-content/plugins/woocommerce/includes/admin/meta-boxes/class-wc-meta-box-product-data.php(42): include('/var/www/html/T...')
#5 /var/www/html/TestWork443/wp-content/plugins/woocommerce/includes/admin/meta-boxes/views/html-product-data-panel.php(51): WC_Meta_Box_Product_Data::output_tabs()
#6 /var/www/html/TestWork443/wp-content/plugins/woocommerce/includes/admin/meta-boxes/class-wc-meta-box-product-data.php(33): include('/var/www in /var/www/html/TestWork443/wp-content/plugins/woocommerce/woocommerce.php on line 79

2022-05-26T10:06:38+00:00 CRITICAL Uncaught Error: Call to a member function get_date_created() on bool in /var/www/html/TestWork443/wp-content/plugins/woocommerce/woocommerce.php:79
Stack trace:
#0 /var/www/html/TestWork443/wp-includes/class-wp-hook.php(307): CF_create_custom_field()
#1 /var/www/html/TestWork443/wp-includes/class-wp-hook.php(331): WP_Hook->apply_filters()
#2 /var/www/html/TestWork443/wp-includes/plugin.php(474): WP_Hook->do_action()
#3 /var/www/html/TestWork443/wp-content/plugins/woocommerce/includes/admin/meta-boxes/views/html-product-data-general.php(188): do_action()
#4 /var/www/html/TestWork443/wp-content/plugins/woocommerce/includes/admin/meta-boxes/class-wc-meta-box-product-data.php(42): include('/var/www/html/T...')
#5 /var/www/html/TestWork443/wp-content/plugins/woocommerce/includes/admin/meta-boxes/views/html-product-data-panel.php(51): WC_Meta_Box_Product_Data::output_tabs()
#6 /var/www/html/TestWork443/wp-content/plugins/woocommerce/includes/admin/meta-boxes/class-wc-meta-box-product-data.php(33): include('/var/www in /var/www/html/TestWork443/wp-content/plugins/woocommerce/woocommerce.php on line 79

2022-05-26T10:06:46+00:00 CRITICAL Uncaught Error: Call to a member function get_date_created() on bool in /var/www/html/TestWork443/wp-content/plugins/woocommerce/woocommerce.php:78
Stack trace:
#0 /var/www/html/TestWork443/wp-includes/class-wp-hook.php(307): CF_create_custom_field()
#1 /var/www/html/TestWork443/wp-includes/class-wp-hook.php(331): WP_Hook->apply_filters()
#2 /var/www/html/TestWork443/wp-includes/plugin.php(474): WP_Hook->do_action()
#3 /var/www/html/TestWork443/wp-content/plugins/woocommerce/includes/admin/meta-boxes/views/html-product-data-general.php(188): do_action()
#4 /var/www/html/TestWork443/wp-content/plugins/woocommerce/includes/admin/meta-boxes/class-wc-meta-box-product-data.php(42): include('/var/www/html/T...')
#5 /var/www/html/TestWork443/wp-content/plugins/woocommerce/includes/admin/meta-boxes/views/html-product-data-panel.php(51): WC_Meta_Box_Product_Data::output_tabs()
#6 /var/www/html/TestWork443/wp-content/plugins/woocommerce/includes/admin/meta-boxes/class-wc-meta-box-product-data.php(33): include('/var/www in /var/www/html/TestWork443/wp-content/plugins/woocommerce/woocommerce.php on line 78

2022-05-26T10:06:47+00:00 CRITICAL Uncaught Error: Call to a member function get_date_created() on bool in /var/www/html/TestWork443/wp-content/plugins/woocommerce/woocommerce.php:78
Stack trace:
#0 /var/www/html/TestWork443/wp-includes/class-wp-hook.php(307): CF_create_custom_field()
#1 /var/www/html/TestWork443/wp-includes/class-wp-hook.php(331): WP_Hook->apply_filters()
#2 /var/www/html/TestWork443/wp-includes/plugin.php(474): WP_Hook->do_action()
#3 /var/www/html/TestWork443/wp-content/plugins/woocommerce/includes/admin/meta-boxes/views/html-product-data-general.php(188): do_action()
#4 /var/www/html/TestWork443/wp-content/plugins/woocommerce/includes/admin/meta-boxes/class-wc-meta-box-product-data.php(42): include('/var/www/html/T...')
#5 /var/www/html/TestWork443/wp-content/plugins/woocommerce/includes/admin/meta-boxes/views/html-product-data-panel.php(51): WC_Meta_Box_Product_Data::output_tabs()
#6 /var/www/html/TestWork443/wp-content/plugins/woocommerce/includes/admin/meta-boxes/class-wc-meta-box-product-data.php(33): include('/var/www in /var/www/html/TestWork443/wp-content/plugins/woocommerce/woocommerce.php on line 78

2022-05-26T10:07:22+00:00 CRITICAL Uncaught Error: Call to a member function get_date_created() on bool in /var/www/html/TestWork443/wp-content/plugins/woocommerce/woocommerce.php:78
Stack trace:
#0 /var/www/html/TestWork443/wp-includes/class-wp-hook.php(307): CF_showDate()
#1 /var/www/html/TestWork443/wp-includes/class-wp-hook.php(331): WP_Hook->apply_filters()
#2 /var/www/html/TestWork443/wp-includes/plugin.php(474): WP_Hook->do_action()
#3 /var/www/html/TestWork443/wp-content/plugins/woocommerce/includes/admin/meta-boxes/views/html-product-data-general.php(188): do_action()
#4 /var/www/html/TestWork443/wp-content/plugins/woocommerce/includes/admin/meta-boxes/class-wc-meta-box-product-data.php(42): include('/var/www/html/T...')
#5 /var/www/html/TestWork443/wp-content/plugins/woocommerce/includes/admin/meta-boxes/views/html-product-data-panel.php(51): WC_Meta_Box_Product_Data::output_tabs()
#6 /var/www/html/TestWork443/wp-content/plugins/woocommerce/includes/admin/meta-boxes/class-wc-meta-box-product-data.php(33): include('/var/www/html/T...' in /var/www/html/TestWork443/wp-content/plugins/woocommerce/woocommerce.php on line 78

2022-05-26T10:09:39+00:00 CRITICAL Uncaught Error: Call to a member function get_date_created() on bool in /var/www/html/TestWork443/wp-content/plugins/woocommerce/woocommerce.php:78
Stack trace:
#0 /var/www/html/TestWork443/wp-includes/class-wp-hook.php(307): CF_showDate()
#1 /var/www/html/TestWork443/wp-includes/class-wp-hook.php(331): WP_Hook->apply_filters()
#2 /var/www/html/TestWork443/wp-includes/plugin.php(474): WP_Hook->do_action()
#3 /var/www/html/TestWork443/wp-content/plugins/woocommerce/includes/admin/meta-boxes/views/html-product-data-general.php(188): do_action()
#4 /var/www/html/TestWork443/wp-content/plugins/woocommerce/includes/admin/meta-boxes/class-wc-meta-box-product-data.php(42): include('/var/www/html/T...')
#5 /var/www/html/TestWork443/wp-content/plugins/woocommerce/includes/admin/meta-boxes/views/html-product-data-panel.php(51): WC_Meta_Box_Product_Data::output_tabs()
#6 /var/www/html/TestWork443/wp-content/plugins/woocommerce/includes/admin/meta-boxes/class-wc-meta-box-product-data.php(33): include('/var/www/html/T...' in /var/www/html/TestWork443/wp-content/plugins/woocommerce/woocommerce.php on line 78

2022-05-26T11:41:46+00:00 CRITICAL Uncaught Error: Call to a member function get_date_created() on bool in /var/www/html/TestWork443/wp-content/plugins/woocommerce/woocommerce.php:78
Stack trace:
#0 /var/www/html/TestWork443/wp-includes/class-wp-hook.php(307): CF_showDate()
#1 /var/www/html/TestWork443/wp-includes/class-wp-hook.php(331): WP_Hook->apply_filters()
#2 /var/www/html/TestWork443/wp-includes/plugin.php(474): WP_Hook->do_action()
#3 /var/www/html/TestWork443/wp-content/plugins/woocommerce/includes/admin/meta-boxes/views/html-product-data-general.php(188): do_action()
#4 /var/www/html/TestWork443/wp-content/plugins/woocommerce/includes/admin/meta-boxes/class-wc-meta-box-product-data.php(42): include('/var/www/html/T...')
#5 /var/www/html/TestWork443/wp-content/plugins/woocommerce/includes/admin/meta-boxes/views/html-product-data-panel.php(51): WC_Meta_Box_Product_Data::output_tabs()
#6 /var/www/html/TestWork443/wp-content/plugins/woocommerce/includes/admin/meta-boxes/class-wc-meta-box-product-data.php(33): include('/var/www/html/T...' in /var/www/html/TestWork443/wp-content/plugins/woocommerce/woocommerce.php on line 78

2022-05-26T11:50:40+00:00 CRITICAL Uncaught Error: Call to a member function get_date_created() on bool in /var/www/html/TestWork443/wp-content/plugins/woocommerce/woocommerce.php:78
Stack trace:
#0 /var/www/html/TestWork443/wp-includes/class-wp-hook.php(307): CF_showDate()
#1 /var/www/html/TestWork443/wp-includes/class-wp-hook.php(331): WP_Hook->apply_filters()
#2 /var/www/html/TestWork443/wp-includes/plugin.php(474): WP_Hook->do_action()
#3 /var/www/html/TestWork443/wp-content/plugins/woocommerce/includes/admin/meta-boxes/views/html-product-data-general.php(188): do_action()
#4 /var/www/html/TestWork443/wp-content/plugins/woocommerce/includes/admin/meta-boxes/class-wc-meta-box-product-data.php(42): include('/var/www/html/T...')
#5 /var/www/html/TestWork443/wp-content/plugins/woocommerce/includes/admin/meta-boxes/views/html-product-data-panel.php(51): WC_Meta_Box_Product_Data::output_tabs()
#6 /var/www/html/TestWork443/wp-content/plugins/woocommerce/includes/admin/meta-boxes/class-wc-meta-box-product-data.php(33): include('/var/www/html/T...' in /var/www/html/TestWork443/wp-content/plugins/woocommerce/woocommerce.php on line 78

2022-05-26T11:50:42+00:00 CRITICAL Uncaught Error: Call to a member function get_date_created() on bool in /var/www/html/TestWork443/wp-content/plugins/woocommerce/woocommerce.php:78
Stack trace:
#0 /var/www/html/TestWork443/wp-includes/class-wp-hook.php(307): CF_showDate()
#1 /var/www/html/TestWork443/wp-includes/class-wp-hook.php(331): WP_Hook->apply_filters()
#2 /var/www/html/TestWork443/wp-includes/plugin.php(474): WP_Hook->do_action()
#3 /var/www/html/TestWork443/wp-content/plugins/woocommerce/includes/admin/meta-boxes/views/html-product-data-general.php(188): do_action()
#4 /var/www/html/TestWork443/wp-content/plugins/woocommerce/includes/admin/meta-boxes/class-wc-meta-box-product-data.php(42): include('/var/www/html/T...')
#5 /var/www/html/TestWork443/wp-content/plugins/woocommerce/includes/admin/meta-boxes/views/html-product-data-panel.php(51): WC_Meta_Box_Product_Data::output_tabs()
#6 /var/www/html/TestWork443/wp-content/plugins/woocommerce/includes/admin/meta-boxes/class-wc-meta-box-product-data.php(33): include('/var/www/html/T...' in /var/www/html/TestWork443/wp-content/plugins/woocommerce/woocommerce.php on line 78

2022-05-26T11:50:43+00:00 CRITICAL Uncaught Error: Call to a member function get_date_created() on bool in /var/www/html/TestWork443/wp-content/plugins/woocommerce/woocommerce.php:78
Stack trace:
#0 /var/www/html/TestWork443/wp-includes/class-wp-hook.php(307): CF_showDate()
#1 /var/www/html/TestWork443/wp-includes/class-wp-hook.php(331): WP_Hook->apply_filters()
#2 /var/www/html/TestWork443/wp-includes/plugin.php(474): WP_Hook->do_action()
#3 /var/www/html/TestWork443/wp-content/plugins/woocommerce/includes/admin/meta-boxes/views/html-product-data-general.php(188): do_action()
#4 /var/www/html/TestWork443/wp-content/plugins/woocommerce/includes/admin/meta-boxes/class-wc-meta-box-product-data.php(42): include('/var/www/html/T...')
#5 /var/www/html/TestWork443/wp-content/plugins/woocommerce/includes/admin/meta-boxes/views/html-product-data-panel.php(51): WC_Meta_Box_Product_Data::output_tabs()
#6 /var/www/html/TestWork443/wp-content/plugins/woocommerce/includes/admin/meta-boxes/class-wc-meta-box-product-data.php(33): include('/var/www/html/T...' in /var/www/html/TestWork443/wp-content/plugins/woocommerce/woocommerce.php on line 78

2022-05-26T11:51:22+00:00 CRITICAL Cannot redeclare woocommerce_product_custom_fields() (previously declared in /var/www/html/TestWork443/wp-content/plugins/woocommerce/woocommerce.php:278) in /var/www/html/TestWork443/wp-content/themes/storefront/functions.php on line 130

2022-05-26T11:51:23+00:00 CRITICAL Cannot redeclare woocommerce_product_custom_fields() (previously declared in /var/www/html/TestWork443/wp-content/plugins/woocommerce/woocommerce.php:278) in /var/www/html/TestWork443/wp-content/themes/storefront/functions.php on line 130

2022-05-26T11:51:24+00:00 CRITICAL Cannot redeclare woocommerce_product_custom_fields() (previously declared in /var/www/html/TestWork443/wp-content/plugins/woocommerce/woocommerce.php:278) in /var/www/html/TestWork443/wp-content/themes/storefront/functions.php on line 130

2022-05-26T11:51:24+00:00 CRITICAL Cannot redeclare woocommerce_product_custom_fields() (previously declared in /var/www/html/TestWork443/wp-content/plugins/woocommerce/woocommerce.php:278) in /var/www/html/TestWork443/wp-content/themes/storefront/functions.php on line 130

2022-05-26T11:51:46+00:00 CRITICAL Cannot redeclare woocommerce_product_custom_fields() (previously declared in /var/www/html/TestWork443/wp-content/plugins/woocommerce/woocommerce.php:278) in /var/www/html/TestWork443/wp-content/themes/storefront/functions.php on line 130

2022-05-26T11:51:47+00:00 CRITICAL Cannot redeclare woocommerce_product_custom_fields() (previously declared in /var/www/html/TestWork443/wp-content/plugins/woocommerce/woocommerce.php:278) in /var/www/html/TestWork443/wp-content/themes/storefront/functions.php on line 130

2022-05-26T11:51:48+00:00 CRITICAL Cannot redeclare woocommerce_product_custom_fields() (previously declared in /var/www/html/TestWork443/wp-content/plugins/woocommerce/woocommerce.php:278) in /var/www/html/TestWork443/wp-content/themes/storefront/functions.php on line 130

2022-05-26T11:51:49+00:00 CRITICAL Cannot redeclare woocommerce_product_custom_fields() (previously declared in /var/www/html/TestWork443/wp-content/plugins/woocommerce/woocommerce.php:278) in /var/www/html/TestWork443/wp-content/themes/storefront/functions.php on line 130

2022-05-26T11:57:37+00:00 CRITICAL Uncaught Error: Call to a member function get_date_created() on bool in /var/www/html/TestWork443/wp-content/plugins/woocommerce/woocommerce.php:266
Stack trace:
#0 /var/www/html/TestWork443/wp-includes/class-wp-hook.php(307): CF_showDate()
#1 /var/www/html/TestWork443/wp-includes/class-wp-hook.php(331): WP_Hook->apply_filters()
#2 /var/www/html/TestWork443/wp-includes/plugin.php(474): WP_Hook->do_action()
#3 /var/www/html/TestWork443/wp-content/plugins/woocommerce/includes/admin/meta-boxes/views/html-product-data-general.php(188): do_action()
#4 /var/www/html/TestWork443/wp-content/plugins/woocommerce/includes/admin/meta-boxes/class-wc-meta-box-product-data.php(42): include('/var/www/html/T...')
#5 /var/www/html/TestWork443/wp-content/plugins/woocommerce/includes/admin/meta-boxes/views/html-product-data-panel.php(51): WC_Meta_Box_Product_Data::output_tabs()
#6 /var/www/html/TestWork443/wp-content/plugins/woocommerce/includes/admin/meta-boxes/class-wc-meta-box-product-data.php(33): include('/var/www/html/T... in /var/www/html/TestWork443/wp-content/plugins/woocommerce/woocommerce.php on line 266

2022-05-26T11:57:39+00:00 CRITICAL Uncaught Error: Call to a member function get_date_created() on bool in /var/www/html/TestWork443/wp-content/plugins/woocommerce/woocommerce.php:266
Stack trace:
#0 /var/www/html/TestWork443/wp-includes/class-wp-hook.php(307): CF_showDate()
#1 /var/www/html/TestWork443/wp-includes/class-wp-hook.php(331): WP_Hook->apply_filters()
#2 /var/www/html/TestWork443/wp-includes/plugin.php(474): WP_Hook->do_action()
#3 /var/www/html/TestWork443/wp-content/plugins/woocommerce/includes/admin/meta-boxes/views/html-product-data-general.php(188): do_action()
#4 /var/www/html/TestWork443/wp-content/plugins/woocommerce/includes/admin/meta-boxes/class-wc-meta-box-product-data.php(42): include('/var/www/html/T...')
#5 /var/www/html/TestWork443/wp-content/plugins/woocommerce/includes/admin/meta-boxes/views/html-product-data-panel.php(51): WC_Meta_Box_Product_Data::output_tabs()
#6 /var/www/html/TestWork443/wp-content/plugins/woocommerce/includes/admin/meta-boxes/class-wc-meta-box-product-data.php(33): include('/var/www/html/T... in /var/www/html/TestWork443/wp-content/plugins/woocommerce/woocommerce.php on line 266

2022-05-26T11:59:37+00:00 CRITICAL Uncaught Error: Call to a member function get_date_created() on bool in /var/www/html/TestWork443/wp-content/plugins/woocommerce/woocommerce.php:266
Stack trace:
#0 /var/www/html/TestWork443/wp-includes/class-wp-hook.php(307): CF_showDate()
#1 /var/www/html/TestWork443/wp-includes/class-wp-hook.php(331): WP_Hook->apply_filters()
#2 /var/www/html/TestWork443/wp-includes/plugin.php(474): WP_Hook->do_action()
#3 /var/www/html/TestWork443/wp-content/plugins/woocommerce/includes/admin/meta-boxes/views/html-product-data-general.php(188): do_action()
#4 /var/www/html/TestWork443/wp-content/plugins/woocommerce/includes/admin/meta-boxes/class-wc-meta-box-product-data.php(42): include('/var/www/html/T...')
#5 /var/www/html/TestWork443/wp-content/plugins/woocommerce/includes/admin/meta-boxes/views/html-product-data-panel.php(51): WC_Meta_Box_Product_Data::output_tabs()
#6 /var/www/html/TestWork443/wp-content/plugins/woocommerce/includes/admin/meta-boxes/class-wc-meta-box-product-data.php(33): include('/var/www/html/T... in /var/www/html/TestWork443/wp-content/plugins/woocommerce/woocommerce.php on line 266

2022-05-26T11:59:48+00:00 CRITICAL Uncaught Error: Call to a member function get_date_created() on bool in /var/www/html/TestWork443/wp-content/plugins/woocommerce/woocommerce.php:266
Stack trace:
#0 /var/www/html/TestWork443/wp-includes/class-wp-hook.php(307): CF_showDate()
#1 /var/www/html/TestWork443/wp-includes/class-wp-hook.php(331): WP_Hook->apply_filters()
#2 /var/www/html/TestWork443/wp-includes/plugin.php(474): WP_Hook->do_action()
#3 /var/www/html/TestWork443/wp-content/plugins/woocommerce/includes/admin/meta-boxes/views/html-product-data-general.php(188): do_action()
#4 /var/www/html/TestWork443/wp-content/plugins/woocommerce/includes/admin/meta-boxes/class-wc-meta-box-product-data.php(42): include('/var/www/html/T...')
#5 /var/www/html/TestWork443/wp-content/plugins/woocommerce/includes/admin/meta-boxes/views/html-product-data-panel.php(51): WC_Meta_Box_Product_Data::output_tabs()
#6 /var/www/html/TestWork443/wp-content/plugins/woocommerce/includes/admin/meta-boxes/class-wc-meta-box-product-data.php(33): include('/var/www/html/T... in /var/www/html/TestWork443/wp-content/plugins/woocommerce/woocommerce.php on line 266

2022-05-26T12:00:48+00:00 CRITICAL Uncaught Error: Call to a member function get_date_created() on bool in /var/www/html/TestWork443/wp-content/plugins/woocommerce/woocommerce.php:266
Stack trace:
#0 /var/www/html/TestWork443/wp-includes/class-wp-hook.php(307): CF_showDate()
#1 /var/www/html/TestWork443/wp-includes/class-wp-hook.php(331): WP_Hook->apply_filters()
#2 /var/www/html/TestWork443/wp-includes/plugin.php(474): WP_Hook->do_action()
#3 /var/www/html/TestWork443/wp-content/plugins/woocommerce/includes/admin/meta-boxes/views/html-product-data-general.php(188): do_action()
#4 /var/www/html/TestWork443/wp-content/plugins/woocommerce/includes/admin/meta-boxes/class-wc-meta-box-product-data.php(42): include('/var/www/html/T...')
#5 /var/www/html/TestWork443/wp-content/plugins/woocommerce/includes/admin/meta-boxes/views/html-product-data-panel.php(51): WC_Meta_Box_Product_Data::output_tabs()
#6 /var/www/html/TestWork443/wp-content/plugins/woocommerce/includes/admin/meta-boxes/class-wc-meta-box-product-data.php(33): include('/var/www/html/T... in /var/www/html/TestWork443/wp-content/plugins/woocommerce/woocommerce.php on line 266

2022-05-26T12:00:50+00:00 CRITICAL Uncaught Error: Call to a member function get_date_created() on bool in /var/www/html/TestWork443/wp-content/plugins/woocommerce/woocommerce.php:266
Stack trace:
#0 /var/www/html/TestWork443/wp-includes/class-wp-hook.php(307): CF_showDate()
#1 /var/www/html/TestWork443/wp-includes/class-wp-hook.php(331): WP_Hook->apply_filters()
#2 /var/www/html/TestWork443/wp-includes/plugin.php(474): WP_Hook->do_action()
#3 /var/www/html/TestWork443/wp-content/plugins/woocommerce/includes/admin/meta-boxes/views/html-product-data-general.php(188): do_action()
#4 /var/www/html/TestWork443/wp-content/plugins/woocommerce/includes/admin/meta-boxes/class-wc-meta-box-product-data.php(42): include('/var/www/html/T...')
#5 /var/www/html/TestWork443/wp-content/plugins/woocommerce/includes/admin/meta-boxes/views/html-product-data-panel.php(51): WC_Meta_Box_Product_Data::output_tabs()
#6 /var/www/html/TestWork443/wp-content/plugins/woocommerce/includes/admin/meta-boxes/class-wc-meta-box-product-data.php(33): include('/var/www/html/T... in /var/www/html/TestWork443/wp-content/plugins/woocommerce/woocommerce.php on line 266

2022-05-26T12:01:44+00:00 CRITICAL Uncaught Error: Call to a member function get_date_created() on bool in /var/www/html/TestWork443/wp-content/plugins/woocommerce/woocommerce.php:266
Stack trace:
#0 /var/www/html/TestWork443/wp-includes/class-wp-hook.php(307): CF_showDate()
#1 /var/www/html/TestWork443/wp-includes/class-wp-hook.php(331): WP_Hook->apply_filters()
#2 /var/www/html/TestWork443/wp-includes/plugin.php(474): WP_Hook->do_action()
#3 /var/www/html/TestWork443/wp-content/plugins/woocommerce/includes/admin/meta-boxes/views/html-product-data-general.php(188): do_action()
#4 /var/www/html/TestWork443/wp-content/plugins/woocommerce/includes/admin/meta-boxes/class-wc-meta-box-product-data.php(42): include('/var/www/html/T...')
#5 /var/www/html/TestWork443/wp-content/plugins/woocommerce/includes/admin/meta-boxes/views/html-product-data-panel.php(51): WC_Meta_Box_Product_Data::output_tabs()
#6 /var/www/html/TestWork443/wp-content/plugins/woocommerce/includes/admin/meta-boxes/class-wc-meta-box-product-data.php(33): include('/var/www/html/T... in /var/www/html/TestWork443/wp-content/plugins/woocommerce/woocommerce.php on line 266

2022-05-26T12:01:45+00:00 CRITICAL Uncaught Error: Call to a member function get_date_created() on bool in /var/www/html/TestWork443/wp-content/plugins/woocommerce/woocommerce.php:266
Stack trace:
#0 /var/www/html/TestWork443/wp-includes/class-wp-hook.php(307): CF_showDate()
#1 /var/www/html/TestWork443/wp-includes/class-wp-hook.php(331): WP_Hook->apply_filters()
#2 /var/www/html/TestWork443/wp-includes/plugin.php(474): WP_Hook->do_action()
#3 /var/www/html/TestWork443/wp-content/plugins/woocommerce/includes/admin/meta-boxes/views/html-product-data-general.php(188): do_action()
#4 /var/www/html/TestWork443/wp-content/plugins/woocommerce/includes/admin/meta-boxes/class-wc-meta-box-product-data.php(42): include('/var/www/html/T...')
#5 /var/www/html/TestWork443/wp-content/plugins/woocommerce/includes/admin/meta-boxes/views/html-product-data-panel.php(51): WC_Meta_Box_Product_Data::output_tabs()
#6 /var/www/html/TestWork443/wp-content/plugins/woocommerce/includes/admin/meta-boxes/class-wc-meta-box-product-data.php(33): include('/var/www/html/T... in /var/www/html/TestWork443/wp-content/plugins/woocommerce/woocommerce.php on line 266

2022-05-26T12:01:46+00:00 CRITICAL Uncaught Error: Call to a member function get_date_created() on bool in /var/www/html/TestWork443/wp-content/plugins/woocommerce/woocommerce.php:266
Stack trace:
#0 /var/www/html/TestWork443/wp-includes/class-wp-hook.php(307): CF_showDate()
#1 /var/www/html/TestWork443/wp-includes/class-wp-hook.php(331): WP_Hook->apply_filters()
#2 /var/www/html/TestWork443/wp-includes/plugin.php(474): WP_Hook->do_action()
#3 /var/www/html/TestWork443/wp-content/plugins/woocommerce/includes/admin/meta-boxes/views/html-product-data-general.php(188): do_action()
#4 /var/www/html/TestWork443/wp-content/plugins/woocommerce/includes/admin/meta-boxes/class-wc-meta-box-product-data.php(42): include('/var/www/html/T...')
#5 /var/www/html/TestWork443/wp-content/plugins/woocommerce/includes/admin/meta-boxes/views/html-product-data-panel.php(51): WC_Meta_Box_Product_Data::output_tabs()
#6 /var/www/html/TestWork443/wp-content/plugins/woocommerce/includes/admin/meta-boxes/class-wc-meta-box-product-data.php(33): include('/var/www/html/T... in /var/www/html/TestWork443/wp-content/plugins/woocommerce/woocommerce.php on line 266

2022-05-26T12:02:54+00:00 CRITICAL Uncaught Error: Call to a member function get_date_created() on bool in /var/www/html/TestWork443/wp-content/plugins/woocommerce/woocommerce.php:267
Stack trace:
#0 /var/www/html/TestWork443/wp-includes/class-wp-hook.php(307): CF_showDate()
#1 /var/www/html/TestWork443/wp-includes/class-wp-hook.php(331): WP_Hook->apply_filters()
#2 /var/www/html/TestWork443/wp-includes/plugin.php(474): WP_Hook->do_action()
#3 /var/www/html/TestWork443/wp-content/plugins/woocommerce/includes/admin/meta-boxes/views/html-product-data-general.php(188): do_action()
#4 /var/www/html/TestWork443/wp-content/plugins/woocommerce/includes/admin/meta-boxes/class-wc-meta-box-product-data.php(42): include('/var/www/html/T...')
#5 /var/www/html/TestWork443/wp-content/plugins/woocommerce/includes/admin/meta-boxes/views/html-product-data-panel.php(51): WC_Meta_Box_Product_Data::output_tabs()
#6 /var/www/html/TestWork443/wp-content/plugins/woocommerce/includes/admin/meta-boxes/class-wc-meta-box-product-data.php(33): include('/var/www/html/T... in /var/www/html/TestWork443/wp-content/plugins/woocommerce/woocommerce.php on line 267

2022-05-26T12:03:21+00:00 CRITICAL Uncaught Error: Call to a member function get_date_created() on bool in /var/www/html/TestWork443/wp-content/plugins/woocommerce/woocommerce.php:267
Stack trace:
#0 /var/www/html/TestWork443/wp-includes/class-wp-hook.php(307): CF_showDate()
#1 /var/www/html/TestWork443/wp-includes/class-wp-hook.php(331): WP_Hook->apply_filters()
#2 /var/www/html/TestWork443/wp-includes/plugin.php(474): WP_Hook->do_action()
#3 /var/www/html/TestWork443/wp-content/plugins/woocommerce/includes/admin/meta-boxes/views/html-product-data-general.php(188): do_action()
#4 /var/www/html/TestWork443/wp-content/plugins/woocommerce/includes/admin/meta-boxes/class-wc-meta-box-product-data.php(42): include('/var/www/html/T...')
#5 /var/www/html/TestWork443/wp-content/plugins/woocommerce/includes/admin/meta-boxes/views/html-product-data-panel.php(51): WC_Meta_Box_Product_Data::output_tabs()
#6 /var/www/html/TestWork443/wp-content/plugins/woocommerce/includes/admin/meta-boxes/class-wc-meta-box-product-data.php(33): include('/var/www/html/T... in /var/www/html/TestWork443/wp-content/plugins/woocommerce/woocommerce.php on line 267

2022-05-26T12:55:09+00:00 CRITICAL Uncaught Error: Call to undefined method WC_Product_Simple::get_order_number() in /var/www/html/TestWork443/wp-content/plugins/woocommerce/woocommerce.php:273
Stack trace:
#0 /var/www/html/TestWork443/wp-includes/class-wp-hook.php(307): CF_showDate()
#1 /var/www/html/TestWork443/wp-includes/class-wp-hook.php(331): WP_Hook->apply_filters()
#2 /var/www/html/TestWork443/wp-includes/plugin.php(474): WP_Hook->do_action()
#3 /var/www/html/TestWork443/wp-content/plugins/woocommerce/includes/admin/meta-boxes/views/html-product-data-general.php(188): do_action()
#4 /var/www/html/TestWork443/wp-content/plugins/woocommerce/includes/admin/meta-boxes/class-wc-meta-box-product-data.php(42): include('/var/www/html/T...')
#5 /var/www/html/TestWork443/wp-content/plugins/woocommerce/includes/admin/meta-boxes/views/html-product-data-panel.php(51): WC_Meta_Box_Product_Data::output_tabs()
#6 /var/www/html/TestWork443/wp-content/plugins/woocommerce/includes/admin/meta-boxes/class-wc-meta-box-product-data.php(33): include('/var/www in /var/www/html/TestWork443/wp-content/plugins/woocommerce/woocommerce.php on line 273

2022-05-26T12:55:11+00:00 CRITICAL Uncaught Error: Call to undefined method WC_Product_Simple::get_order_number() in /var/www/html/TestWork443/wp-content/plugins/woocommerce/woocommerce.php:273
Stack trace:
#0 /var/www/html/TestWork443/wp-includes/class-wp-hook.php(307): CF_showDate()
#1 /var/www/html/TestWork443/wp-includes/class-wp-hook.php(331): WP_Hook->apply_filters()
#2 /var/www/html/TestWork443/wp-includes/plugin.php(474): WP_Hook->do_action()
#3 /var/www/html/TestWork443/wp-content/plugins/woocommerce/includes/admin/meta-boxes/views/html-product-data-general.php(188): do_action()
#4 /var/www/html/TestWork443/wp-content/plugins/woocommerce/includes/admin/meta-boxes/class-wc-meta-box-product-data.php(42): include('/var/www/html/T...')
#5 /var/www/html/TestWork443/wp-content/plugins/woocommerce/includes/admin/meta-boxes/views/html-product-data-panel.php(51): WC_Meta_Box_Product_Data::output_tabs()
#6 /var/www/html/TestWork443/wp-content/plugins/woocommerce/includes/admin/meta-boxes/class-wc-meta-box-product-data.php(33): include('/var/www in /var/www/html/TestWork443/wp-content/plugins/woocommerce/woocommerce.php on line 273

